MPASM 5.77                          MAIN.ASM   5-3-2018  1:35:14         PAGE  1


LOC  OBJECT CODE     LINE SOURCE TEXT
  VALUE

                      00001 #INCLUDE <P16F628A.INC>         ;ARQUIVO PADRÃO MICROCHIP PARA 16F628A
                      00001         LIST
                      00002 
                      00003 ;==========================================================================
                      00004 ; Build date : Nov 22 2017
                      00005 ;  MPASM PIC16F628A processor include
                      00006 ; 
                      00007 ;  (c) Copyright 1999-2017 Microchip Technology, All rights reserved
                      00008 ;==========================================================================
                      00009 
                      00386         LIST
2007   3F33           00002  __CONFIG _BOREN_OFF & _CP_OFF & _PWRTE_ON & _WDT_OFF & _LVP_OFF & _MCLRE_ON
                      00003 
                      00004 
                      00005 #DEFINE BANK0   BCF STATUS,RP0          ;SETA BANK 0 DE MEMÓRIA
                      00006 #DEFINE BANK1   BSF STATUS,RP0          ;SETA BANK 1 DE MEMÓRIA
                      00007 
                      00008 #DEFINE T0_INTERRUPT    INTCON, T0IF    ;FLAG DE ESTOURO DO TIMER
                      00009 #DEFINE PC_INTERRUPT    INTCON, RBIF    ;FLAG DE INTERRUPÇÃO  EM PORT CHANGE RB4:RB7
                      00010 
                      00011 #DEFINE ESTADO_BOMBA    ESTADO,1
                      00012 #DEFINE ESTADO_VALVULA  ESTADO,2
                      00013  
                      00014 #DEFINE DELAY_CTE  .251                 ;PRESET PARA TIMER0
                      00015 ;* * * * * * * * * * * * * * * * * * * * * * * * * * * * * * * * * *;* * * * * * * * * * * *
                      00016 ;*                                              VARIÁVEIS                                   * 
                      00017 ;* * * * * * * * * * * * * * * * * * * * * * * * * * * * * * * * * *;* * * * * * * * * * * *
                      00018 ;DEFINIÇÃO DO BLOCO DE VARIÁVEIS
                      00019         CBLOCK 0x20                     ;ENDEREÇO INICIAL DA MÉMORIA DO USUÁRIO
  00000020            00020                 ESTADO  
  00000021            00021                 PB
  00000022            00022                 OLD_ESTADO
                      00023         ENDC                            ;FIM DE BLOCO DE VARIÁVEIS
                      00024 
                      00025 ;* * * * * * * * * * * * * * * * * * * * * * * * * * * * * * * * * * * * * * * * * * * * * *
                      00026 ;*                                              DEFINE ENTRADAS                             * 
                      00027 ;* * * * * * * * * * * * * * * * * * * * * * * * * * * * * * * * * * * * * * * * * * * * * *
                      00028 
                      00029 #DEFINE I_CAIXA                 PORTB,4
                      00030 #DEFINE I_CISTERNA              PORTB,5
                      00031 #DEFINE I_RUA                   PORTB,6
                      00032 
                      00033 ;* * * * * * * * * * * * * * * * * * * * * * * * * * * * * * * * * * * * * * * * * * * * * *
                      00034 ;*                                              DEFINE SAIDAS                               * 
                      00035 ;* * * * * * * * * * * * * * * * * * * * * * * * * * * * * * * * * * * * * * * * * * * * * *
                      00036 
                      00037 #DEFINE O_ON_OFF                PORTA,0
                      00038 #DEFINE O_BOMBA                 PORTA,1
                      00039 #DEFINE O_VALVULA               PORTA,2
                      00040 ;* * * * * * * * * * * * * * * * * * * * * * * * * * * * * * * * * * * * * * * * * * * * * *
                      00041 ;*                                              INICIO                                      * 
                      00042 ;* * * * * * * * * * * * * * * * * * * * * * * * * * * * * * * * * * * * * * * * * * * * * *
                      00043 
MPASM 5.77                          MAIN.ASM   5-3-2018  1:35:14         PAGE  2


LOC  OBJECT CODE     LINE SOURCE TEXT
  VALUE

                      00044         ORG 0x00
0000   2???           00045         GOTO    INICIO
                      00046         
                      00047 ;* * * * * * * * * * * * * * * * * * * * * * * * * * * * * * * * * * * * * * * * * * * * * *
                      00048 ;*                              ROTINAS DE INTERRUPÇÃO                                      * 
                      00049 ;* * * * * * * * * * * * * * * * * * * * * * * * * * * * * * * * * * * * * * * * * * * * * *
                      00050         
                      00051         ORG     0x04
0004   0820           00052         MOVFW   ESTADO          
0005   00A2           00053         MOVWF   OLD_ESTADO
0006   180B           00054         BTFSC   PC_INTERRUPT        ;CHECA SE A INTERRUPÇÃO OCORREU EM RB<7:4>
0007   2???           00055         GOTO    INT_RB              ;VAI PARA ROTINA DE INTERRUPÇÃO CORRESPONDENTE
0008   190B           00056         BTFSC   T0_INTERRUPT        ;CHECA SE A INTERRUPÇÃO OCORREU PELO ESTOURO TO TIMER0
0009   2???           00057         GOTO    TIMER
000A   0009           00058         RETFIE
                      00059         
000B                  00060 TIMER   ;ROTINA EXECUTADA APOS ESTOURO DO TIMER0
000B   110B           00061         BCF     T0_INTERRUPT        ;LIMPA FLAG DE INTERRUPÇÃO
000C   1885           00062         BTFSC   O_BOMBA             ;CASO A SAIDA ESTEJA EM 1
000D   1085           00063         BCF     O_BOMBA             ;A SAIDA VAI PARA 0
000E   1905           00064         BTFSC   O_VALVULA           ;
000F   1105           00065         BCF     O_VALVULA           ;
0010   158B           00066         BSF     INTCON, RBIE        ;REHABILITA AS INTERRUPCOES EM RB
0011   0009           00067         RETFIE
                      00068         
0012                  00069 PULSA   ;ROTINA PARA GERAR UM PULSO
0012   0820           00070         MOVFW   ESTADO
0013   06A2           00071         XORWF   OLD_ESTADO, F   ;OPERAÇÃO XOR PARA IDENTIFICAR A MUDANÇA DE ESTADO
0014   18A2           00072         BTFSC   OLD_ESTADO,1    ;CASO HAJA MUDANÇA DE ESTADO EM ESTADO_BOMBA
0015   1485           00073         BSF     O_BOMBA         ;ACIONA O PULSO DA BOMBA
0016   1922           00074         BTFSC   OLD_ESTADO,2    ;CASO HAJA MUDANÇA DE ESTADO EM ESTADO_VALVULA
0017   1505           00075         BSF     O_VALVULA       ;ACIONA O PULSO DA BOMBA
0018   2???           00076         CALL    DELAY           ;CHAMA DELAY (1S)
0019   0009           00077         RETFIE
                      00078         
001A                  00079 INT_RB  ;ROTINA EXECUTADA APÓS VARIAÇÃO DE ESTADO EM RB<7:4>
001A   1405           00080         BSF     O_ON_OFF        ;acende led de estado
001B   0806           00081         MOVF    PORTB,W         ;lê PORTB e copia em W
001C   3970           00082         ANDLW   B'01110000'     ;operação AND para que apenas os valores correspondentes as portas RB<6:
                            4> permaneçam
001D   00A1           00083         MOVWF   PB              ;copia o novo valor de W na variavel PB
001E   2???           00084         GOTO    CHECA_CAIXA     
                      00085         
001F                  00086 CHECA_CAIXA
001F   1B21           00087         BTFSC   PB,6            ;IF RUA and !CISTERNA
0020   1AA1           00088         BTFSC   PB,5            
0021   2???           00089         GOTO    FECHA_VALVULA   ;<= CASO FALSO
0022   2???           00090         GOTO    ABRE_VALVULA    ;<= CASO VERDADEIRO
                      00091         
0023                  00092 CHECA_BOMBA
0023   1AA1           00093         BTFSC   PB,5            ;IF CISTERNA and !CAIXA
0024   1A21           00094         BTFSC   PB,4            
0025   2???           00095         GOTO    FECHA_BOMBA     ;<= CASO FALSO
MPASM 5.77                          MAIN.ASM   5-3-2018  1:35:14         PAGE  3


LOC  OBJECT CODE     LINE SOURCE TEXT
  VALUE

0026   2???           00096         GOTO    ABRE_BOMBA      ;<= CASO VERDADEIRO
                      00097 
                      00098 
0027                  00099 FECHA_BOMBA
0027   10A0           00100         BCF     ESTADO_BOMBA    ;ESTADO DA BOMBA = DESLIGADO
0028   100B           00101         BCF     PC_INTERRUPT    ;LIMPA FLAG DE INTERRUPÇÃO
0029   2???           00102         GOTO    PULSA
002A   0009           00103         RETFIE                  ;FIM DA INTERRUPÇÃO
                      00104 
002B                  00105 ABRE_BOMBA
002B   14A0           00106         BSF     ESTADO_BOMBA    ;ESTADO DA BOMBA = LIGADO
002C   100B           00107         BCF     PC_INTERRUPT    ;LIMPA FLAG DE INTERRUPÇÃO
002D   2???           00108         GOTO    PULSA
002E   0009           00109         RETFIE          
                      00110 
002F                  00111 FECHA_VALVULA
002F   1120           00112         BCF     ESTADO_VALVULA  ;ESTADO DA VALVULA = DESLIGADO
0030   2???           00113         GOTO    CHECA_BOMBA
                      00114 
0031                  00115 ABRE_VALVULA
0031   1520           00116         BSF     ESTADO_VALVULA  ;ESTADO DA VALVULA = LIGADO
0032   2???           00117         GOTO    CHECA_BOMBA
                      00118 
0033                  00119 DELAY   
0033   118B           00120         BCF     INTCON, RBIE    ;DESABILITA INTERRUPÇOES EM RB<7:4>
0034   0181           00121         CLRF    TMR0            ;LIMPA TIMER0
0035   30FB           00122         MOVLW   DELAY_CTE       ;
0036   0081           00123         MOVWF   TMR0            ;PRESETA O TIMER0 COM O VALOR DEFINIDO EM DELAY_CTE
0037   0008           00124         RETURN
                      00125 
0038                  00126 LIMPA_TUDO  ;LIMPA TODOS O REGISTRADORES NO INICIO DO PROGRAMA
0038   0185           00127         CLRF    PORTA
0039   0186           00128         CLRF    PORTB
003A   01A0           00129         CLRF    ESTADO
003B   01A2           00130         CLRF    OLD_ESTADO      
003C   1405           00131         BSF     O_ON_OFF
003D   0008           00132         RETURN
                      00133         
003E                  00134 MAIN    ;LOOP INFINITO NA MAIN
003E   2???           00135         GOTO    MAIN     
                      00136 
003F                  00137 INICIO
003F   1683           00138         BANK1
0040   30E0           00139         MOVLW   B'11100000'
Message[302]: Register in operand not in bank 0.  Ensure that bank bits are correct.
0041   0085           00140         MOVWF   TRISA       ;PORTA: SAIDAS: <4:0>;  ENTRADAS: <7:5>
0042   30FF           00141         MOVLW   B'11111111'
Message[302]: Register in operand not in bank 0.  Ensure that bank bits are correct.
0043   0086           00142         MOVWF   TRISB       ;PORTB: SAIDAS: <...>;  EMTRADAS: <7:0>
                      00143 
0044   3091           00144         MOVLW   B'10010001' ;!RBPU  INTEDG  T0CS  T0SE  PSA  PS2  PS1  PS0
Message[302]: Register in operand not in bank 0.  Ensure that bank bits are correct.
0045   0081           00145         MOVWF   OPTION_REG  ;  1      0      0     1     0    0    0    1
MPASM 5.77                          MAIN.ASM   5-3-2018  1:35:14         PAGE  4


LOC  OBJECT CODE     LINE SOURCE TEXT
  VALUE

0046   30A8           00146         MOVLW   B'10101000' ;GIE  PEIE  T0IE  INTE  RBIE  T0IF  INTF  RBIF
0047   008B           00147         MOVWF   INTCON      ; 1     0    1      0    1     0    0     0
                      00148 
0048   1283           00149         BANK0
                      00150 
0049   2???           00151         CALL    LIMPA_TUDO  
004A   0820           00152         MOVF    ESTADO,W
004B   0085           00153         MOVWF   PORTA
004C   2???           00154         GOTO    MAIN
                      00155 
                      00156         
3F33                  00157         END
MPASM 5.77                          MAIN.ASM   5-3-2018  1:35:14         PAGE  5


SYMBOL TABLE
  LABEL                             VALUE 

ABRE_BOMBA                        0000002B
ABRE_VALVULA                      00000031
ADDEN                             00000003
ADEN                              00000003
BANK0                             BCF STATUS,RP0
BANK1                             BSF STATUS,RP0
BRGH                              00000002
C                                 00000000
C1INV                             00000004
C1OUT                             00000006
C2INV                             00000005
C2OUT                             00000007
CCP1CON                           00000017
CCP1IE                            00000002
CCP1IF                            00000002
CCP1M0                            00000000
CCP1M1                            00000001
CCP1M2                            00000002
CCP1M3                            00000003
CCP1X                             00000005
CCP1Y                             00000004
CCPR1                             00000015
CCPR1H                            00000016
CCPR1L                            00000015
CHECA_BOMBA                       00000023
CHECA_CAIXA                       0000001F
CIS                               00000003
CM0                               00000000
CM1                               00000001
CM2                               00000002
CMCON                             0000001F
CMIE                              00000006
CMIF                              00000006
CREN                              00000004
CSRC                              00000007
DATA_CP_OFF                       00003FFF
DATA_CP_ON                        00003EFF
DC                                00000001
DELAY                             00000033
DELAY_CTE                         .251
EEADR                             0000009B
EECON1                            0000009C
EECON2                            0000009D
EEDATA                            0000009A
EEIE                              00000007
EEIF                              00000007
ESTADO                            00000020
ESTADO_BOMBA                      ESTADO,1
ESTADO_VALVULA                    ESTADO,2
F                                 00000001
FECHA_BOMBA                       00000027
FECHA_VALVULA                     0000002F
FERR                              00000002
MPASM 5.77                          MAIN.ASM   5-3-2018  1:35:14         PAGE  6


SYMBOL TABLE
  LABEL                             VALUE 

FSR                               00000004
GIE                               00000007
INDF                              00000000
INICIO                            0000003F
INTCON                            0000000B
INTE                              00000004
INTEDG                            00000006
INTF                              00000001
INT_RB                            0000001A
IRP                               00000007
I_CAIXA                           PORTB,4
I_CISTERNA                        PORTB,5
I_RUA                             PORTB,6
LIMPA_TUDO                        00000038
MAIN                              0000003E
NOT_BO                            00000000
NOT_BOD                           00000000
NOT_BOR                           00000000
NOT_PD                            00000003
NOT_POR                           00000001
NOT_RBPU                          00000007
NOT_T1SYNC                        00000002
NOT_TO                            00000004
OERR                              00000001
OLD_ESTADO                        00000022
OPTION_REG                        00000081
OSCF                              00000003
O_BOMBA                           PORTA,1
O_ON_OFF                          PORTA,0
O_VALVULA                         PORTA,2
PB                                00000021
PCL                               00000002
PCLATH                            0000000A
PCON                              0000008E
PC_INTERRUPT                      INTCON, RBIF
PEIE                              00000006
PIE1                              0000008C
PIR1                              0000000C
PORTA                             00000005
PORTB                             00000006
PR2                               00000092
PS0                               00000000
PS1                               00000001
PS2                               00000002
PSA                               00000003
PULSA                             00000012
RA0                               00000000
RA1                               00000001
RA2                               00000002
RA3                               00000003
RA4                               00000004
RA5                               00000005
RA6                               00000006
MPASM 5.77                          MAIN.ASM   5-3-2018  1:35:14         PAGE  7


SYMBOL TABLE
  LABEL                             VALUE 

RA7                               00000007
RB0                               00000000
RB1                               00000001
RB2                               00000002
RB3                               00000003
RB4                               00000004
RB5                               00000005
RB6                               00000006
RB7                               00000007
RBIE                              00000003
RBIF                              00000000
RCIE                              00000005
RCIF                              00000005
RCREG                             0000001A
RCSTA                             00000018
RD                                00000000
RP0                               00000005
RP1                               00000006
RX9                               00000006
RX9D                              00000000
SPBRG                             00000099
SPEN                              00000007
SREN                              00000005
STATUS                            00000003
SYNC                              00000004
T0CS                              00000005
T0IE                              00000005
T0IF                              00000002
T0SE                              00000004
T0_INTERRUPT                      INTCON, T0IF
T1CKPS0                           00000004
T1CKPS1                           00000005
T1CON                             00000010
T1OSCEN                           00000003
T2CKPS0                           00000000
T2CKPS1                           00000001
T2CON                             00000012
TIMER                             0000000B
TMR0                              00000001
TMR0IE                            00000005
TMR0IF                            00000002
TMR1                              0000000E
TMR1CS                            00000001
TMR1H                             0000000F
TMR1IE                            00000000
TMR1IF                            00000000
TMR1L                             0000000E
TMR1ON                            00000000
TMR2                              00000011
TMR2IE                            00000001
TMR2IF                            00000001
TMR2ON                            00000002
TOUTPS0                           00000003
MPASM 5.77                          MAIN.ASM   5-3-2018  1:35:14         PAGE  8


SYMBOL TABLE
  LABEL                             VALUE 

TOUTPS1                           00000004
TOUTPS2                           00000005
TOUTPS3                           00000006
TRISA                             00000085
TRISA0                            00000000
TRISA1                            00000001
TRISA2                            00000002
TRISA3                            00000003
TRISA4                            00000004
TRISA5                            00000005
TRISA6                            00000006
TRISA7                            00000007
TRISB                             00000086
TRISB0                            00000000
TRISB1                            00000001
TRISB2                            00000002
TRISB3                            00000003
TRISB4                            00000004
TRISB5                            00000005
TRISB6                            00000006
TRISB7                            00000007
TRMT                              00000001
TX9                               00000006
TX9D                              00000000
TXEN                              00000005
TXIE                              00000004
TXIF                              00000004
TXREG                             00000019
TXSTA                             00000098
VR0                               00000000
VR1                               00000001
VR2                               00000002
VR3                               00000003
VRCON                             0000009F
VREN                              00000007
VROE                              00000006
VRR                               00000005
W                                 00000000
WR                                00000001
WREN                              00000002
WRERR                             00000003
Z                                 00000002
_BODEN_OFF                        00003FBF
_BODEN_ON                         00003FFF
_BOREN_OFF                        00003FBF
_BOREN_ON                         00003FFF
_CONFIG                           00002007
_CPD_OFF                          00003FFF
_CPD_ON                           00003EFF
_CP_OFF                           00003FFF
_CP_ON                            00001FFF
_DEVID1                           00002006
_ER_OSC_CLKOUT                    00003FFF
MPASM 5.77                          MAIN.ASM   5-3-2018  1:35:14         PAGE  9


SYMBOL TABLE
  LABEL                             VALUE 

_ER_OSC_NOCLKOUT                  00003FFE
_EXTCLK_OSC                       00003FEF
_FOSC_ECIO                        00003FEF
_FOSC_EXTRCCLK                    00003FFF
_FOSC_EXTRCIO                     00003FFE
_FOSC_HS                          00003FEE
_FOSC_INTOSCCLK                   00003FFD
_FOSC_INTOSCIO                    00003FFC
_FOSC_LP                          00003FEC
_FOSC_XT                          00003FED
_HS_OSC                           00003FEE
_IDLOC0                           00002000
_IDLOC1                           00002001
_IDLOC2                           00002002
_IDLOC3                           00002003
_INTOSC_OSC_CLKOUT                00003FFD
_INTOSC_OSC_NOCLKOUT              00003FFC
_INTRC_OSC_CLKOUT                 00003FFD
_INTRC_OSC_NOCLKOUT               00003FFC
_LP_OSC                           00003FEC
_LVP_OFF                          00003F7F
_LVP_ON                           00003FFF
_MCLRE_OFF                        00003FDF
_MCLRE_ON                         00003FFF
_PWRTE_OFF                        00003FFF
_PWRTE_ON                         00003FF7
_RC_OSC_CLKOUT                    00003FFF
_RC_OSC_NOCLKOUT                  00003FFE
_WDTE_OFF                         00003FFB
_WDTE_ON                          00003FFF
_WDT_OFF                          00003FFB
_WDT_ON                           00003FFF
_XT_OSC                           00003FED
__16F628A                         00000001

Errors   :     0
Warnings :     0 reported,     0 suppressed
Messages :     3 reported,     0 suppressed

